# JRE version: Java(TM) SE Runtime Environment (9.0+11) (build 9.0.1+11)
# Java VM: Java HotSpot(TM) 64-Bit Server VM (9.0.1+11, mixed mode, tiered, compressed oops, g1 gc, bsd-amd64)
Heap:
 garbage-first heap   total 131072K, used 31716K [0x0000000740000000, 0x0000000740100400, 0x00000007c0000000)
  region size 1024K, 4 young (4096K), 3 survivors (3072K)
 Metaspace       used 18756K, capacity 19776K, committed 19968K, reserved 1067008K
  class space    used 2003K, capacity 2213K, committed 2304K, reserved 1048576K
GC Heap History (10 events):
Event: 4.948 GC heap before
{Heap before GC invocations=13 (full 0):
 garbage-first heap   total 131072K, used 70381K [0x0000000740000000, 0x0000000740100400, 0x00000007c0000000)
  region size 1024K, 13 young (13312K), 3 survivors (3072K)
 Metaspace       used 18593K, capacity 19556K, committed 19712K, reserved 1067008K
  class space    used 1990K, capacity 2195K, committed 2304K, reserved 1048576K
}
Event: 4.950 GC heap after
{Heap after GC invocations=14 (full 0):
 garbage-first heap   total 131072K, used 31593K [0x0000000740000000, 0x0000000740100400, 0x00000007c0000000)
  region size 1024K, 3 young (3072K), 3 survivors (3072K)
 Metaspace       used 18593K, capacity 19556K, committed 19712K, reserved 1067008K
  class space    used 1990K, capacity 2195K, committed 2304K, reserved 1048576K
}
Event: 5.013 GC heap before
{Heap before GC invocations=15 (full 0):
 garbage-first heap   total 131072K, used 61289K [0x0000000740000000, 0x0000000740100400, 0x00000007c0000000)
  region size 1024K, 6 young (6144K), 3 survivors (3072K)
 Metaspace       used 18606K, capacity 19556K, committed 19712K, reserved 1067008K
  class space    used 1990K, capacity 2195K, committed 2304K, reserved 1048576K
}
Event: 5.017 GC heap after
{Heap after GC invocations=16 (full 0):
 garbage-first heap   total 131072K, used 40544K [0x0000000740000000, 0x0000000740100400, 0x00000007c0000000)
  region size 1024K, 3 young (3072K), 3 survivors (3072K)
 Metaspace       used 18606K, capacity 19556K, committed 19712K, reserved 1067008K
  class space    used 1990K, capacity 2195K, committed 2304K, reserved 1048576K
}
Event: 5.760 GC heap before
{Heap before GC invocations=17 (full 0):
 garbage-first heap   total 131072K, used 65120K [0x0000000740000000, 0x0000000740100400, 0x00000007c0000000)
  region size 1024K, 11 young (11264K), 3 survivors (3072K)
 Metaspace       used 18620K, capacity 19556K, committed 19712K, reserved 1067008K
  class space    used 1990K, capacity 2195K, committed 2304K, reserved 1048576K
}
Event: 5.765 GC heap after
{Heap after GC invocations=18 (full 0):
 garbage-first heap   total 131072K, used 29465K [0x0000000740000000, 0x0000000740100400, 0x00000007c0000000)
  region size 1024K, 3 young (3072K), 3 survivors (3072K)
 Metaspace       used 18620K, capacity 19556K, committed 19712K, reserved 1067008K
  class space    used 1990K, capacity 2195K, committed 2304K, reserved 1048576K
}
Event: 5.803 GC heap before
{Heap before GC invocations=19 (full 0):
 garbage-first heap   total 131072K, used 48921K [0x0000000740000000, 0x0000000740100400, 0x00000007c0000000)
  region size 1024K, 5 young (5120K), 3 survivors (3072K)
 Metaspace       used 18628K, capacity 19556K, committed 19712K, reserved 1067008K
  class space    used 1990K, capacity 2195K, committed 2304K, reserved 1048576K
}
Event: 5.807 GC heap after
{Heap after GC invocations=20 (full 0):
 garbage-first heap   total 131072K, used 30592K [0x0000000740000000, 0x0000000740100400, 0x00000007c0000000)
  region size 1024K, 3 young (3072K), 3 survivors (3072K)
 Metaspace       used 18628K, capacity 19556K, committed 19712K, reserved 1067008K
  class space    used 1990K, capacity 2195K, committed 2304K, reserved 1048576K
}
Event: 9.850 GC heap before
{Heap before GC invocations=21 (full 0):
 garbage-first heap   total 131072K, used 108416K [0x0000000740000000, 0x0000000740100400, 0x00000007c0000000)
  region size 1024K, 61 young (62464K), 3 survivors (3072K)
 Metaspace       used 18754K, capacity 19776K, committed 19968K, reserved 1067008K
  class space    used 2003K, capacity 2213K, committed 2304K, reserved 1048576K
}
Event: 9.852 GC heap after
{Heap after GC invocations=22 (full 0):
 garbage-first heap   total 131072K, used 31716K [0x0000000740000000, 0x0000000740100400, 0x00000007c0000000)
  region size 1024K, 3 young (3072K), 3 survivors (3072K)
 Metaspace       used 18754K, capacity 19776K, committed 19968K, reserved 1067008K
  class space    used 2003K, capacity 2213K, committed 2304K, reserved 1048576K
}

